<?xml version="1.0" encoding="UTF-8" ?>
<testsuite tests="55" failures="0" name="feature.movie.MovieSearchTest" time="0.005" errors="0" skipped="0">
  <properties>
[...]
</properties>
  <testcase classname="Scenario: Search movies by title" name="Given a movie with the title &apos;Inside Out&apos;, produced by &apos;Pixar&apos;, released 19 June 2015" time="0.002"/>
  <testcase classname="Scenario: Search movies by title" name="And a movie with the title &apos;Out of Africa&apos;, produced by &apos;Universal Pictures&apos;, released 20 December 1985" time="0.001"/>
  <testcase classname="Scenario: Search movies by title" name="And a movie with the title &apos;Avatar&apos;, produced by &apos;20th Century Fox&apos;, released 18 December 2009" time="0"/>
  <testcase classname="Scenario: Search movies by title" name="When the customer searches for movies with the keyword &apos;out&apos;" time="0"/>
  <testcase classname="Scenario: Search movies by title" name="Then 2 movie should have been found" time="0"/>
  <testcase classname="Scenario: Search movies by title" name="And the catalog should have 3 total movies" time="0"/>
  <testcase classname="Scenario: Search movies by title" name="Scenario: Search movies by title" time="0"/>
  <testcase classname="Scenario: Search movies by order" name="Given a movie with the title &apos;Inside Out&apos;, produced by &apos;Pixar&apos;, released 19 June 2015" time="0"/>
  <testcase classname="Scenario: Search movies by order" name="And a movie with the title &apos;Out of Africa&apos;, produced by &apos;Universal Pictures&apos;, released 20 December 1985" time="0"/>
  <testcase classname="Scenario: Search movies by order" name="And a movie with the title &apos;Avatar&apos;, produced by &apos;20th Century Fox&apos;, released 18 December 2009" time="0"/>
  <testcase classname="Scenario: Search movies by order" name="When the customer searches for the third movie" time="0"/>
  <testcase classname="Scenario: Search movies by order" name="Then 1 movie should have been found" time="0"/>
  <testcase classname="Scenario: Search movies by order" name="And the movie title should be &apos;Avatar&apos;" time="0"/>
  <testcase classname="Scenario: Search movies by order" name="Scenario: Search movies by order" time="0"/>
  <testcase classname="| &apos;out&apos; | 2 |" name="Given a movie with the title &apos;Inside Out&apos;, produced by &apos;Pixar&apos;, released 19 June 2015" time="0"/>
  <testcase classname="| &apos;out&apos; | 2 |" name="And a movie with the title &apos;Out of Africa&apos;, produced by &apos;Universal Pictures&apos;, released 20 December 1985" time="0"/>
  <testcase classname="| &apos;out&apos; | 2 |" name="And a movie with the title &apos;Avatar&apos;, produced by &apos;20th Century Fox&apos;, released 18 December 2009" time="0.001"/>
  <testcase classname="| &apos;out&apos; | 2 |" name="When the customer searches for movies with the keyword &apos;out&apos;" time="0"/>
  <testcase classname="| &apos;out&apos; | 2 |" name="Then 2 movie should have been found" time="0"/>
  <testcase classname="| &apos;out&apos; | 2 |" name="And the catalog should have 3 total movies" time="0"/>
  <testcase classname="| &apos;out&apos; | 2 |" name="| &apos;out&apos; | 2 |" time="0.001"/>
  <testcase classname="| &apos;africa&apos; | 1 |" name="Given a movie with the title &apos;Inside Out&apos;, produced by &apos;Pixar&apos;, released 19 June 2015" time="0"/>
  <testcase classname="| &apos;africa&apos; | 1 |" name="And a movie with the title &apos;Out of Africa&apos;, produced by &apos;Universal Pictures&apos;, released 20 December 1985" time="0"/>
  <testcase classname="| &apos;africa&apos; | 1 |" name="And a movie with the title &apos;Avatar&apos;, produced by &apos;20th Century Fox&apos;, released 18 December 2009" time="0"/>
  <testcase classname="| &apos;africa&apos; | 1 |" name="When the customer searches for movies with the keyword &apos;africa&apos;" time="0"/>
  <testcase classname="| &apos;africa&apos; | 1 |" name="Then 1 movie should have been found" time="0"/>
  <testcase classname="| &apos;africa&apos; | 1 |" name="And the catalog should have 3 total movies" time="0"/>
  <testcase classname="| &apos;africa&apos; | 1 |" name="| &apos;africa&apos; | 1 |" time="0"/>
  <testcase classname="| &apos;Inside&apos; | 1 |" name="Given a movie with the title &apos;Inside Out&apos;, produced by &apos;Pixar&apos;, released 19 June 2015" time="0"/>
  <testcase classname="| &apos;Inside&apos; | 1 |" name="And a movie with the title &apos;Out of Africa&apos;, produced by &apos;Universal Pictures&apos;, released 20 December 1985" time="0"/>
  <testcase classname="| &apos;Inside&apos; | 1 |" name="And a movie with the title &apos;Avatar&apos;, produced by &apos;20th Century Fox&apos;, released 18 December 2009" time="0"/>
  <testcase classname="| &apos;Inside&apos; | 1 |" name="When the customer searches for movies with the keyword &apos;Inside&apos;" time="0"/>
  <testcase classname="| &apos;Inside&apos; | 1 |" name="Then 1 movie should have been found" time="0"/>
  <testcase classname="| &apos;Inside&apos; | 1 |" name="And the catalog should have 3 total movies" time="0"/>
  <testcase classname="| &apos;Inside&apos; | 1 |" name="| &apos;Inside&apos; | 1 |" time="0"/>
  <testcase classname="| &apos;Ocean&apos; | 0 |" name="Given a movie with the title &apos;Inside Out&apos;, produced by &apos;Pixar&apos;, released 19 June 2015" time="0"/>
  <testcase classname="| &apos;Ocean&apos; | 0 |" name="And a movie with the title &apos;Out of Africa&apos;, produced by &apos;Universal Pictures&apos;, released 20 December 1985" time="0"/>
  <testcase classname="| &apos;Ocean&apos; | 0 |" name="And a movie with the title &apos;Avatar&apos;, produced by &apos;20th Century Fox&apos;, released 18 December 2009" time="0"/>
  <testcase classname="| &apos;Ocean&apos; | 0 |" name="When the customer searches for movies with the keyword &apos;Ocean&apos;" time="0"/>
  <testcase classname="| &apos;Ocean&apos; | 0 |" name="Then 0 movie should have been found" time="0"/>
  <testcase classname="| &apos;Ocean&apos; | 0 |" name="And the catalog should have 3 total movies" time="0"/>
  <testcase classname="| &apos;Ocean&apos; | 0 |" name="| &apos;Ocean&apos; | 0 |" time="0"/>
  <testcase classname="Scenario: SCENARIO 1" name="Given the catalog has an initial size of 0 movies" time="0"/>
  <testcase classname="Scenario: SCENARIO 1" name="When a movie with a title &apos;WALL-E&apos; and a producer &apos;Pixar&apos; with the release date of 27 June 2008 is added" time="0"/>
  <testcase classname="Scenario: SCENARIO 1" name="And a movie with a title &apos;Aladin&apos; and a producer &apos;Disney&apos; with the release date of 25 November 1992 is added" time="0"/>
  <testcase classname="Scenario: SCENARIO 1" name="Then the catalog has 2 movies" time="0"/>
  <testcase classname="Scenario: SCENARIO 1" name="Scenario: SCENARIO 1" time="0"/>
  <testcase classname="Scenario: SCENARIO 2" name="Given the catalog has an initial size of 0 movies" time="0"/>
  <testcase classname="Scenario: SCENARIO 2" name="When no movies are added" time="0"/>
  <testcase classname="Scenario: SCENARIO 2" name="Then the catalog has 0 movies" time="0"/>
  <testcase classname="Scenario: SCENARIO 2" name="Scenario: SCENARIO 2" time="0"/>
  <testcase classname="Scenario: SCENARIO 3" name="Given the catalog has an initial size of 0 movies" time="0"/>
  <testcase classname="Scenario: SCENARIO 3" name="When the following movies are added:" time="0"/>
  <testcase classname="Scenario: SCENARIO 3" name="Then the catalog has 2 movies" time="0"/>
  <testcase classname="Scenario: SCENARIO 3" name="Scenario: SCENARIO 3" time="0"/>
</testsuite>